Arguments: 
  C:\Program Files\nodejs\node.exe C:\Program Files (x86)\Yarn\bin\yarn.js

PATH: 
  C:\WINDOWS\system32;C:\WINDOWS;C:\WINDOWS\System32\Wbem;C:\WINDOWS\System32\WindowsPowerShell\v1.0\;C:\WINDOWS\System32\OpenSSH\;C:\Program Files (x86)\ATI Technologies\ATI.ACE\Core-Static;C:\Program Files (x86)\AMD\ATI.ACE\Core-Static;C:\Program Files (x86)\Yarn\bin\;C:\Program Files\nodejs\;C:\Program Files\Git\cmd;C:\Users\Pablo\AppData\Local\Microsoft\WindowsApps;C:\Users\Pablo\AppData\Local\Yarn\bin;C:\Users\Pablo\AppData\Roaming\npm;C:\Users\Pablo\AppData\Local\Programs\Microsoft VS Code\bin

Yarn version: 
  1.22.5

Node version: 
  14.15.4

Platform: 
  win32 x64

Trace: 
  SyntaxError: C:\Users\Pablo\Desktop\apiPablo\apiMarvelFront\package.json: Unexpected string in JSON at position 95
      at JSON.parse (<anonymous>)
      at C:\Program Files (x86)\Yarn\lib\cli.js:1625:59
      at Generator.next (<anonymous>)
      at step (C:\Program Files (x86)\Yarn\lib\cli.js:310:30)
      at C:\Program Files (x86)\Yarn\lib\cli.js:321:13

npm manifest: 
  {
    "name": "apiMarvelFront",
    "version": "1.0.0",
    "main": "index.js",
    "license": "MIT"
    "scripts": {
      "dev": "nodemon src/app.js"
    },
    "dependencies": {
      "axios": "^0.21.1",
      "express": "^4.17.1",
      "uuid": "^8.3.2"
    },
    "devDependencies": {
      "eslint": "^7.15.0",
      "eslint-config-airbnb-base": "^14.2.1",
      "eslint-config-prettier": "^7.0.0",
      "eslint-plugin-import": "^2.22.1",
      "eslint-plugin-prettier": "^3.3.0",
      "nodemon": "^2.0.6",
      "prettier": "^2.2.1",
      "sucrase": "^3.16.0"
    }
  }

yarn manifest: 
  No manifest

Lockfile: 
  # THIS IS AN AUTOGENERATED FILE. DO NOT EDIT THIS FILE DIRECTLY.
  # yarn lockfile v1
